\BOOKMARK [1][-]{section*.1}{Contents}{}% 1
\BOOKMARK [1][-]{section.1}{Script script-BAMmaker}{}% 2
\BOOKMARK [2][-]{subsection.1.1}{Functions}{section.1}% 3
\BOOKMARK [2][-]{subsection.1.2}{Variables}{section.1}% 4
\BOOKMARK [1][-]{section.2}{Script script-SNP\137INDEL\137merge}{}% 5
\BOOKMARK [2][-]{subsection.2.1}{Functions}{section.2}% 6
\BOOKMARK [2][-]{subsection.2.2}{Variables}{section.2}% 7
\BOOKMARK [1][-]{section.3}{Script script-VARCall}{}% 8
\BOOKMARK [2][-]{subsection.3.1}{Functions}{section.3}% 9
\BOOKMARK [2][-]{subsection.3.2}{Variables}{section.3}% 10
\BOOKMARK [1][-]{section.4}{Script script-VCFilter}{}% 11
\BOOKMARK [2][-]{subsection.4.1}{Functions}{section.4}% 12
\BOOKMARK [2][-]{subsection.4.2}{Variables}{section.4}% 13
\BOOKMARK [1][-]{section.5}{Script script-VCFmaker\137INDEL}{}% 14
\BOOKMARK [2][-]{subsection.5.1}{Functions}{section.5}% 15
\BOOKMARK [2][-]{subsection.5.2}{Variables}{section.5}% 16
\BOOKMARK [1][-]{section.6}{Script script-VCFmaker\137SNP}{}% 17
\BOOKMARK [2][-]{subsection.6.1}{Functions}{section.6}% 18
\BOOKMARK [2][-]{subsection.6.2}{Variables}{section.6}% 19
\BOOKMARK [1][-]{section.7}{Script script-VCFtoFASTA}{}% 20
\BOOKMARK [2][-]{subsection.7.1}{Functions}{section.7}% 21
\BOOKMARK [2][-]{subsection.7.2}{Variables}{section.7}% 22
\BOOKMARK [1][-]{section.8}{Script script-VCFtoMATRIX}{}% 23
\BOOKMARK [2][-]{subsection.8.1}{Functions}{section.8}% 24
\BOOKMARK [2][-]{subsection.8.2}{Variables}{section.8}% 25
\BOOKMARK [1][-]{section.9}{Script script-VCFtoPseudoGenome}{}% 26
\BOOKMARK [2][-]{subsection.9.1}{Functions}{section.9}% 27
\BOOKMARK [2][-]{subsection.9.2}{Variables}{section.9}% 28
\BOOKMARK [1][-]{section.10}{Script script-reportMaker}{}% 29
\BOOKMARK [2][-]{subsection.10.1}{Functions}{section.10}% 30
\BOOKMARK [2][-]{subsection.10.2}{Variables}{section.10}% 31
\BOOKMARK [1][-]{section*.2}{Index}{}% 32
