\BOOKMARK [1][-]{section*.1}{Contents}{}% 1
\BOOKMARK [1][-]{section.1}{Script script-FixedVar}{}% 2
\BOOKMARK [2][-]{subsection.1.1}{Functions}{section.1}% 3
\BOOKMARK [2][-]{subsection.1.2}{Variables}{section.1}% 4
\BOOKMARK [2][-]{subsection.1.3}{Class var}{section.1}% 5
\BOOKMARK [3][-]{subsubsection.1.3.1}{Methods}{subsection.1.3}% 6
\BOOKMARK [3][-]{subsubsection.1.3.2}{Properties}{subsection.1.3}% 7
\BOOKMARK [2][-]{subsection.1.4}{Class genome}{section.1}% 8
\BOOKMARK [3][-]{subsubsection.1.4.1}{Methods}{subsection.1.4}% 9
\BOOKMARK [3][-]{subsubsection.1.4.2}{Properties}{subsection.1.4}% 10
\BOOKMARK [1][-]{section.2}{Script script-XMLtoTSV}{}% 11
\BOOKMARK [2][-]{subsection.2.1}{Functions}{section.2}% 12
\BOOKMARK [2][-]{subsection.2.2}{Variables}{section.2}% 13
\BOOKMARK [1][-]{section.3}{Script script-phyloFixedVar}{}% 14
\BOOKMARK [2][-]{subsection.3.1}{Functions}{section.3}% 15
\BOOKMARK [2][-]{subsection.3.2}{Variables}{section.3}% 16
\BOOKMARK [2][-]{subsection.3.3}{Class var}{section.3}% 17
\BOOKMARK [3][-]{subsubsection.3.3.1}{Methods}{subsection.3.3}% 18
\BOOKMARK [3][-]{subsubsection.3.3.2}{Properties}{subsection.3.3}% 19
\BOOKMARK [2][-]{subsection.3.4}{Class genome}{section.3}% 20
\BOOKMARK [3][-]{subsubsection.3.4.1}{Methods}{subsection.3.4}% 21
\BOOKMARK [3][-]{subsubsection.3.4.2}{Properties}{subsection.3.4}% 22
\BOOKMARK [2][-]{subsection.3.5}{Class node}{section.3}% 23
\BOOKMARK [3][-]{subsubsection.3.5.1}{Methods}{subsection.3.5}% 24
\BOOKMARK [3][-]{subsubsection.3.5.2}{Properties}{subsection.3.5}% 25
\BOOKMARK [1][-]{section*.2}{Index}{}% 26
